\BOOKMARK [0][-]{section*.1}{Table of Contents}{}% 1
\BOOKMARK [0][-]{section*.2}{List of Figures}{}% 2
\BOOKMARK [0][-]{section*.4}{List of Abbreviations}{}% 3
\BOOKMARK [0][-]{chapter.1}{Introduction}{}% 4
\BOOKMARK [1][-]{section.1.1}{What can DFTS version 2 do?}{chapter.1}% 5
\BOOKMARK [1][-]{section.1.2}{Overview of this document}{chapter.1}% 6
\BOOKMARK [0][-]{chapter.2}{Simulator description}{}% 7
\BOOKMARK [1][-]{section.2.1}{Introduction}{chapter.2}% 8
\BOOKMARK [1][-]{section.2.2}{Intermediate feature tensor packetization}{chapter.2}% 9
\BOOKMARK [1][-]{section.2.3}{Channel models}{chapter.2}% 10
\BOOKMARK [2][-]{subsection.2.3.1}{Random loss channels}{section.2.3}% 11
\BOOKMARK [2][-]{subsection.2.3.2}{Gilbert-Elliott channels}{section.2.3}% 12
\BOOKMARK [2][-]{subsection.2.3.3}{Packet traces}{section.2.3}% 13
\BOOKMARK [1][-]{section.2.4}{Packet loss concealment}{chapter.2}% 14
\BOOKMARK [1][-]{section.2.5}{Simulation mode}{chapter.2}% 15
\BOOKMARK [0][-]{chapter.3}{Demo experiments}{}% 16
\BOOKMARK [1][-]{section.3.1}{Introduction}{chapter.3}% 17
\BOOKMARK [1][-]{section.3.2}{Quantization demonstration}{chapter.3}% 18
\BOOKMARK [1][-]{section.3.3}{Lossy channel demonstration}{chapter.3}% 19
\BOOKMARK [0][-]{chapter.4}{Monte Carlo experiments}{}% 20
\BOOKMARK [1][-]{section.4.1}{Introduction}{chapter.4}% 21
\BOOKMARK [1][-]{section.4.2}{Quantization experiments}{chapter.4}% 22
\BOOKMARK [1][-]{section.4.3}{Lossy channel experiments}{chapter.4}% 23
\BOOKMARK [1][-]{section.4.4}{Experiments with external packet traces}{chapter.4}% 24
\BOOKMARK [1][-]{section.4.5}{Summary}{chapter.4}% 25
\BOOKMARK [0][-]{chapter.5}{Future work}{}% 26
\BOOKMARK [0][-]{section*.8}{Bibliography}{}% 27
